lib/build/intermediates/manifest_merge_blame_file/debug/processDebugManifest/manifest-merger-blame-debug-report.txt
1<?xml version="1.0" encoding="utf-8"?>
2<manifest xmlns:android="http://schemas.android.com/apk/res/android"
3    package="com.artifex.mupdf.viewer" >
4
5    <uses-sdk android:minSdkVersion="21" />
6
7    <application>
7-->src\main\AndroidManifest.xml:4:5-11:19
8        <activity
8-->src\main\AndroidManifest.xml:5:9-10:20
9            android:name="com.artifex.mupdf.viewer.viewer.DocumentActivity"
9-->src\main\AndroidManifest.xml:6:13-52
10            android:label="MuPDF"
10-->src\main\AndroidManifest.xml:7:13-34
11            android:theme="@android:style/Theme.NoTitleBar.Fullscreen" >
11-->src\main\AndroidManifest.xml:8:13-71
12
13            <!-- No intent filters needed here as the app module handles them -->
14        </activity>
15    </application>
16
17</manifest>